<?xml version="1.0" encoding="UTF-8"?>
<!-- Generated by org.testng.reporters.JUnitReportReporter -->
<testsuite hostname="vikasgou01" name="com.testNew.MavenTest" tests="1" failures="0" timestamp="6 Apr 2018 11:59:42 GMT" time="0.005" errors="0">
  <testcase name="test" time="0.005" classname="com.testNew.MavenTest"/>
</testsuite> <!-- com.testNew.MavenTest -->
